Using pre-set license

 COMMAND LINE ARGUMENTS:
/Applications/Unity/Hub/Editor/2020.3.3f1/Unity.app/Contents/MacOS/Unity
-adb2
-batchMode
-noUpm
-name
AssetImportWorker0
-projectPath
/Users/lungger/Documents/GitHub/dinosaur
-logFile
Logs/AssetImportWorker0.log
-srvPort
53879
Successfully changed project path to: /Users/lungger/Documents/GitHub/dinosaur
/Users/lungger/Documents/GitHub/dinosaur
Using Asset Import Pipeline V2.
Refreshing native plugins compatible for Editor in 45.58 ms, found 3 plugins.
Preloading 0 native plugins for Editor in 0.00 ms.
Initialize engine version: 2020.3.3f1 (76626098c1c4)
[Subsystems] Discovering subsystems at path /Applications/Unity/Hub/Editor/2020.3.3f1/Unity.app/Contents/Resources/UnitySubsystems
[Subsystems] Discovering subsystems at path /Users/lungger/Documents/GitHub/dinosaur/Assets
GfxDevice: creating device client; threaded=0
2021-06-22 21:54:12.400 Unity[6836:399777] (null) preferred device: Apple M1 (high power)
2021-06-22 21:54:12.400 Unity[6836:399777] Metal devices available: 1
2021-06-22 21:54:12.400 Unity[6836:399777] 0: Apple M1 (high power)
2021-06-22 21:54:12.400 Unity[6836:399777] Using device Apple M1 (high power)
Initializing Metal device caps: Apple M1
Initialize mono
Mono path[0] = '/Applications/Unity/Hub/Editor/2020.3.3f1/Unity.app/Contents/Managed'
Mono path[1] = '/Applications/Unity/Hub/Editor/2020.3.3f1/Unity.app/Contents/MonoBleedingEdge/lib/mono/unityjit'
Mono config path = '/Applications/Unity/Hub/Editor/2020.3.3f1/Unity.app/Contents/MonoBleedingEdge/etc'
Using monoOptions --debugger-agent=transport=dt_socket,embedding=1,server=y,suspend=n,address=127.0.0.1:56836
Begin MonoManager ReloadAssembly
Registering precompiled unity dll's ...
Register platform support module: /Applications/Unity/Hub/Editor/2020.3.3f1/Unity.app/Contents/PlaybackEngines/MacStandaloneSupport/UnityEditor.OSXStandalone.Extensions.dll
Registered in 0.002160 seconds.
Native extension for OSXStandalone target not found
Refreshing native plugins compatible for Editor in 30.60 ms, found 3 plugins.
Preloading 0 native plugins for Editor in 0.00 ms.
Invoked RoslynAnalysisRunner static constructor.
RoslynAnalysisRunner will not be running.
RoslynAnalysisRunner has terminated.
Mono: successfully reloaded assembly
- Completed reload, in  1.805 seconds
Platform modules already initialized, skipping
Registering precompiled user dll's ...
Registered in 0.003373 seconds.
Begin MonoManager ReloadAssembly
Native extension for OSXStandalone target not found
Refreshing native plugins compatible for Editor in 0.68 ms, found 3 plugins.
Preloading 0 native plugins for Editor in 0.00 ms.
Invoked RoslynAnalysisRunner static constructor.
RoslynAnalysisRunner will not be running.
RoslynAnalysisRunner has terminated.
RefreshInfo: StopAssetImportingV2(NoUpdateAssetOptions) scanfilter: 
RefreshProfiler: Total: 0.000ms
Mono: successfully reloaded assembly
- Completed reload, in  1.788 seconds
Platform modules already initialized, skipping
========================================================================
Worker process is ready to serve import requests
Launching external process: /Applications/Unity/Hub/Editor/2020.3.3f1/Unity.app/Contents/Tools/UnityShaderCompiler
Launched and connected shader compiler UnityShaderCompiler after 0.02 seconds
Refreshing native plugins compatible for Editor in 0.62 ms, found 3 plugins.
Preloading 0 native plugins for Editor in 0.00 ms.
Unloading 6 Unused Serialized files (Serialized files now loaded: 0)
System memory in use before: 96.4 MB.
System memory in use after: 96.5 MB.

Unloading 90 unused Assets to reduce memory usage. Loaded Objects now: 1908.
Total: 1.553542 ms (FindLiveObjects: 0.157250 ms CreateObjectMapping: 0.043875 ms MarkObjects: 1.277416 ms  DeleteObjects: 0.072958 ms)

========================================================================
Received Import Request.
  path: Assets/Plugins/FMOD/Resources/FMODStudioSettings.asset
  artifactKey: Guid(fc4e429e420d94549bacc85f426aced6) Importer(815301076,1909f56bfc062723c751e8b465ee728b)
Start importing Assets/Plugins/FMOD/Resources/FMODStudioSettings.asset using Guid(fc4e429e420d94549bacc85f426aced6) Importer(815301076,1909f56bfc062723c751e8b465ee728b)  -> (artifact id: 'f7ba8ffdbab7d4ad95270feedcb65ec1') in 0.462968 seconds
  Import took 0.465181 seconds .

========================================================================
Received Import Request.
  Time since last request: 61.311307 seconds.
  path: Assets/fmod
  artifactKey: Guid(592399527183f403cb876463279ffb6f) Importer(815301076,1909f56bfc062723c751e8b465ee728b)
Start importing Assets/fmod using Guid(592399527183f403cb876463279ffb6f) Importer(815301076,1909f56bfc062723c751e8b465ee728b)  -> (artifact id: 'f4380c5a02ca039f7681aae44e448921') in 0.001294 seconds
  Import took 0.004266 seconds .

========================================================================
Received Prepare
Registering precompiled user dll's ...
Registered in 0.001782 seconds.
Begin MonoManager ReloadAssembly
Fallback handler could not load library /Applications/Unity/Hub/Editor/2020.3.3f1/Unity.app/Contents/Frameworks/Mono/lib/libAssets/Plugins/FMOD/lib/mac/fmodstudioL.bundle/Contents/MacOS/fmodstudioL
Fallback handler could not load library /Applications/Unity/Hub/Editor/2020.3.3f1/Unity.app/Contents/Frameworks/Mono/lib/libAssets/Plugins/FMOD/lib/mac/fmodstudioL.bundle/Contents/MacOS/fmodstudioL.dylib
Fallback handler could not load library /Applications/Unity/Hub/Editor/2020.3.3f1/Unity.app/Contents/Frameworks/Mono/lib/libAssets/Plugins/FMOD/lib/mac/fmodstudioL.bundle/Contents/MacOS/fmodstudioL.so
Fallback handler could not load library /Applications/Unity/Hub/Editor/2020.3.3f1/Unity.app/Contents/Frameworks/Mono/lib/libAssets/Plugins/FMOD/lib/mac/fmodstudioL.bundle/Contents/MacOS/fmodstudioL.bundle
Native extension for OSXStandalone target not found
Refreshing native plugins compatible for Editor in 0.74 ms, found 3 plugins.
Preloading 0 native plugins for Editor in 0.00 ms.
Invoked RoslynAnalysisRunner static constructor.
RoslynAnalysisRunner will not be running.
RoslynAnalysisRunner has terminated.
RefreshInfo: StopAssetImportingV2(NoUpdateAssetOptions) scanfilter: 
RefreshProfiler: Total: 0.000ms
Mono: successfully reloaded assembly
- Completed reload, in  1.723 seconds
Platform modules already initialized, skipping
Refreshing native plugins compatible for Editor in 0.63 ms, found 3 plugins.
Preloading 0 native plugins for Editor in 0.00 ms.
Unloading 579 Unused Serialized files (Serialized files now loaded: 0)
System memory in use before: 112.0 MB.
System memory in use after: 112.1 MB.

Unloading 81 unused Assets to reduce memory usage. Loaded Objects now: 1911.
Total: 1.297916 ms (FindLiveObjects: 0.106291 ms CreateObjectMapping: 0.031792 ms MarkObjects: 1.131792 ms  DeleteObjects: 0.027209 ms)

========================================================================
Received Prepare
Registering precompiled user dll's ...
Registered in 0.001126 seconds.
Begin MonoManager ReloadAssembly
Native extension for OSXStandalone target not found
Refreshing native plugins compatible for Editor in 0.69 ms, found 3 plugins.
Preloading 0 native plugins for Editor in 0.00 ms.
Invoked RoslynAnalysisRunner static constructor.
RoslynAnalysisRunner will not be running.
RoslynAnalysisRunner has terminated.
RefreshInfo: StopAssetImportingV2(NoUpdateAssetOptions) scanfilter: 
RefreshProfiler: Total: 0.000ms
Mono: successfully reloaded assembly
- Completed reload, in  1.703 seconds
Platform modules already initialized, skipping
Refreshing native plugins compatible for Editor in 0.61 ms, found 3 plugins.
Preloading 0 native plugins for Editor in 0.00 ms.
Unloading 579 Unused Serialized files (Serialized files now loaded: 0)
System memory in use before: 112.2 MB.
System memory in use after: 112.3 MB.

Unloading 81 unused Assets to reduce memory usage. Loaded Objects now: 1914.
Total: 1.246042 ms (FindLiveObjects: 0.098417 ms CreateObjectMapping: 0.032083 ms MarkObjects: 1.088584 ms  DeleteObjects: 0.025916 ms)

